{
  "RSpec": {
    "coverage": {
      "/Users/russellvaughan/dev-training/ruby_library/spec/account_spec.rb": [
        1,
        13,
        null,
        1,
        8,
        96,
        null,
        null,
        96,
        null,
        null,
        null,
        1,
        8,
        8,
        8,
        null,
        null,
        null,
        1,
        12,
        null,
        null,
        12,
        null,
        null,
        1,
        1,
        1,
        null,
        null,
        1,
        null,
        null,
        null,
        12,
        null,
        null,
        null,
        12,
        null,
        null,
        1,
        1,
        1,
        null,
        null,
        1,
        1,
        1,
        null,
        null,
        1,
        12,
        null,
        null,
        12,
        null,
        null,
        1,
        1,
        1,
        null,
        null,
        null,
        null,
        null
      ],
      "/Users/russellvaughan/dev-training/ruby_library/spec/client_spec.rb": [
        1,
        1,
        1,
        null,
        1,
        22,
        null,
        1,
        null,
        null,
        1,
        5,
        5,
        5,
        10,
        null,
        null,
        null,
        1,
        1,
        1,
        2,
        null,
        null,
        1,
        1,
        1,
        2,
        null,
        null,
        1,
        5,
        5,
        5,
        10,
        null,
        null,
        null,
        1,
        1,
        1,
        2,
        null,
        null,
        1,
        1,
        1,
        2,
        null,
        null,
        1,
        5,
        5,
        5,
        10,
        null,
        null,
        null,
        1,
        1,
        1,
        2,
        null,
        null,
        1,
        1,
        1,
        2,
        null,
        null,
        null
      ],
      "/Users/russellvaughan/dev-training/ruby_library/spec/now_spec.rb": [
        1,
        17,
        null,
        1,
        15,
        240,
        null,
        null,
        240,
        null,
        null,
        null,
        1,
        15,
        15,
        15,
        null,
        null,
        null,
        1,
        16,
        null,
        null,
        16,
        null,
        null,
        1,
        1,
        1,
        null,
        null,
        null
      ],
      "/Users/russellvaughan/dev-training/ruby_library/spec/people_spec.rb": [
        1,
        14,
        null,
        1,
        6,
        78,
        null,
        null,
        null,
        78,
        null,
        null,
        null,
        1,
        6,
        6,
        6,
        null,
        null,
        null,
        1,
        13,
        null,
        null,
        13,
        null,
        null,
        1,
        1,
        1,
        null,
        null,
        null,
        1,
        6,
        78,
        null,
        null,
        78,
        null,
        null,
        null,
        1,
        6,
        6,
        6,
        null,
        null,
        null,
        null,
        null
      ],
      "/Users/russellvaughan/dev-training/ruby_library/spec/tracking_spec.rb": [
        1,
        8,
        null,
        1,
        7,
        null,
        null,
        null,
        49,
        null,
        null,
        null,
        1,
        7,
        7,
        null,
        7,
        null,
        null,
        null,
        null
      ],
      "/Users/russellvaughan/dev-training/ruby_library/spec/trends_spec.rb": [
        1,
        29,
        null,
        1,
        14,
        392,
        null,
        null,
        392,
        null,
        null,
        null,
        1,
        14,
        14,
        14,
        null,
        null,
        null,
        1,
        14,
        392,
        null,
        null,
        392,
        null,
        null,
        null,
        1,
        14,
        null,
        14,
        14,
        null,
        null,
        null,
        null
      ]
    },
    "timestamp": 1468252078
  }
}
